This is pdfTeX, Version 3.1415926-2.5-1.40.14 (TeX Live 2013/MacPorts 2013_5) (format=pdflatex 2014.1.3)  11 MAR 2014 15:58
entering extended mode
 restricted \write18 enabled.
 %&-line parsing enabled.
**Econ133.tex
(./Econ133.tex
LaTeX2e <2011/06/27>
Babel <3.9f> and hyphenation patterns for 43 languages loaded.
(./sphinxmanual.cls
Document Class: sphinxmanual 2009/06/02 Document class (Sphinx manual)
(/opt/local/share/texmf-texlive/tex/latex/base/report.cls
Document Class: report 2007/10/19 v1.4h Standard LaTeX document class
(/opt/local/share/texmf-texlive/tex/latex/base/size10.clo
File: size10.clo 2007/10/19 v1.4h Standard LaTeX file (size option)
)
\c@part=\count79
\c@chapter=\count80
\c@section=\count81
\c@subsection=\count82
\c@subsubsection=\count83
\c@paragraph=\count84
\c@subparagraph=\count85
\c@figure=\count86
\c@table=\count87
\abovecaptionskip=\skip41
\belowcaptionskip=\skip42
\bibindent=\dimen102
))
(/opt/local/share/texmf-texlive/tex/latex/base/inputenc.sty
Package: inputenc 2008/03/30 v1.1d Input encoding file
\inpenc@prehook=\toks14
\inpenc@posthook=\toks15

(/opt/local/share/texmf-texlive/tex/latex/base/utf8.def
File: utf8.def 2008/04/05 v1.1m UTF-8 support for inputenc
Now handling font encoding OML ...
... no UTF-8 mapping file for font encoding OML
Now handling font encoding T1 ...
... processing UTF-8 mapping file for font encoding T1

(/opt/local/share/texmf-texlive/tex/latex/base/t1enc.dfu
File: t1enc.dfu 2008/04/05 v1.1m UTF-8 support for inputenc
   defining Unicode char U+00A1 (decimal 161)
   defining Unicode char U+00A3 (decimal 163)
   defining Unicode char U+00AB (decimal 171)
   defining Unicode char U+00BB (decimal 187)
   defining Unicode char U+00BF (decimal 191)
   defining Unicode char U+00C0 (decimal 192)
   defining Unicode char U+00C1 (decimal 193)
   defining Unicode char U+00C2 (decimal 194)
   defining Unicode char U+00C3 (decimal 195)
   defining Unicode char U+00C4 (decimal 196)
   defining Unicode char U+00C5 (decimal 197)
   defining Unicode char U+00C6 (decimal 198)
   defining Unicode char U+00C7 (decimal 199)
   defining Unicode char U+00C8 (decimal 200)
   defining Unicode char U+00C9 (decimal 201)
   defining Unicode char U+00CA (decimal 202)
   defining Unicode char U+00CB (decimal 203)
   defining Unicode char U+00CC (decimal 204)
   defining Unicode char U+00CD (decimal 205)
   defining Unicode char U+00CE (decimal 206)
   defining Unicode char U+00CF (decimal 207)
   defining Unicode char U+00D0 (decimal 208)
   defining Unicode char U+00D1 (decimal 209)
   defining Unicode char U+00D2 (decimal 210)
   defining Unicode char U+00D3 (decimal 211)
   defining Unicode char U+00D4 (decimal 212)
   defining Unicode char U+00D5 (decimal 213)
   defining Unicode char U+00D6 (decimal 214)
   defining Unicode char U+00D8 (decimal 216)
   defining Unicode char U+00D9 (decimal 217)
   defining Unicode char U+00DA (decimal 218)
   defining Unicode char U+00DB (decimal 219)
   defining Unicode char U+00DC (decimal 220)
   defining Unicode char U+00DD (decimal 221)
   defining Unicode char U+00DE (decimal 222)
   defining Unicode char U+00DF (decimal 223)
   defining Unicode char U+00E0 (decimal 224)
   defining Unicode char U+00E1 (decimal 225)
   defining Unicode char U+00E2 (decimal 226)
   defining Unicode char U+00E3 (decimal 227)
   defining Unicode char U+00E4 (decimal 228)
   defining Unicode char U+00E5 (decimal 229)
   defining Unicode char U+00E6 (decimal 230)
   defining Unicode char U+00E7 (decimal 231)
   defining Unicode char U+00E8 (decimal 232)
   defining Unicode char U+00E9 (decimal 233)
   defining Unicode char U+00EA (decimal 234)
   defining Unicode char U+00EB (decimal 235)
   defining Unicode char U+00EC (decimal 236)
   defining Unicode char U+00ED (decimal 237)
   defining Unicode char U+00EE (decimal 238)
   defining Unicode char U+00EF (decimal 239)
   defining Unicode char U+00F0 (decimal 240)
   defining Unicode char U+00F1 (decimal 241)
   defining Unicode char U+00F2 (decimal 242)
   defining Unicode char U+00F3 (decimal 243)
   defining Unicode char U+00F4 (decimal 244)
   defining Unicode char U+00F5 (decimal 245)
   defining Unicode char U+00F6 (decimal 246)
   defining Unicode char U+00F8 (decimal 248)
   defining Unicode char U+00F9 (decimal 249)
   defining Unicode char U+00FA (decimal 250)
   defining Unicode char U+00FB (decimal 251)
   defining Unicode char U+00FC (decimal 252)
   defining Unicode char U+00FD (decimal 253)
   defining Unicode char U+00FE (decimal 254)
   defining Unicode char U+00FF (decimal 255)
   defining Unicode char U+0102 (decimal 258)
   defining Unicode char U+0103 (decimal 259)
   defining Unicode char U+0104 (decimal 260)
   defining Unicode char U+0105 (decimal 261)
   defining Unicode char U+0106 (decimal 262)
   defining Unicode char U+0107 (decimal 263)
   defining Unicode char U+010C (decimal 268)
   defining Unicode char U+010D (decimal 269)
   defining Unicode char U+010E (decimal 270)
   defining Unicode char U+010F (decimal 271)
   defining Unicode char U+0110 (decimal 272)
   defining Unicode char U+0111 (decimal 273)
   defining Unicode char U+0118 (decimal 280)
   defining Unicode char U+0119 (decimal 281)
   defining Unicode char U+011A (decimal 282)
   defining Unicode char U+011B (decimal 283)
   defining Unicode char U+011E (decimal 286)
   defining Unicode char U+011F (decimal 287)
   defining Unicode char U+0130 (decimal 304)
   defining Unicode char U+0131 (decimal 305)
   defining Unicode char U+0132 (decimal 306)
   defining Unicode char U+0133 (decimal 307)
   defining Unicode char U+0139 (decimal 313)
   defining Unicode char U+013A (decimal 314)
   defining Unicode char U+013D (decimal 317)
   defining Unicode char U+013E (decimal 318)
   defining Unicode char U+0141 (decimal 321)
   defining Unicode char U+0142 (decimal 322)
   defining Unicode char U+0143 (decimal 323)
   defining Unicode char U+0144 (decimal 324)
   defining Unicode char U+0147 (decimal 327)
   defining Unicode char U+0148 (decimal 328)
   defining Unicode char U+014A (decimal 330)
   defining Unicode char U+014B (decimal 331)
   defining Unicode char U+0150 (decimal 336)
   defining Unicode char U+0151 (decimal 337)
   defining Unicode char U+0152 (decimal 338)
   defining Unicode char U+0153 (decimal 339)
   defining Unicode char U+0154 (decimal 340)
   defining Unicode char U+0155 (decimal 341)
   defining Unicode char U+0158 (decimal 344)
   defining Unicode char U+0159 (decimal 345)
   defining Unicode char U+015A (decimal 346)
   defining Unicode char U+015B (decimal 347)
   defining Unicode char U+015E (decimal 350)
   defining Unicode char U+015F (decimal 351)
   defining Unicode char U+0160 (decimal 352)
   defining Unicode char U+0161 (decimal 353)
   defining Unicode char U+0162 (decimal 354)
   defining Unicode char U+0163 (decimal 355)
   defining Unicode char U+0164 (decimal 356)
   defining Unicode char U+0165 (decimal 357)
   defining Unicode char U+016E (decimal 366)
   defining Unicode char U+016F (decimal 367)
   defining Unicode char U+0170 (decimal 368)
   defining Unicode char U+0171 (decimal 369)
   defining Unicode char U+0178 (decimal 376)
   defining Unicode char U+0179 (decimal 377)
   defining Unicode char U+017A (decimal 378)
   defining Unicode char U+017B (decimal 379)
   defining Unicode char U+017C (decimal 380)
   defining Unicode char U+017D (decimal 381)
   defining Unicode char U+017E (decimal 382)
   defining Unicode char U+200C (decimal 8204)
   defining Unicode char U+2013 (decimal 8211)
   defining Unicode char U+2014 (decimal 8212)
   defining Unicode char U+2018 (decimal 8216)
   defining Unicode char U+2019 (decimal 8217)
   defining Unicode char U+201A (decimal 8218)
   defining Unicode char U+201C (decimal 8220)
   defining Unicode char U+201D (decimal 8221)
   defining Unicode char U+201E (decimal 8222)
   defining Unicode char U+2030 (decimal 8240)
   defining Unicode char U+2031 (decimal 8241)
   defining Unicode char U+2039 (decimal 8249)
   defining Unicode char U+203A (decimal 8250)
   defining Unicode char U+2423 (decimal 9251)
)
Now handling font encoding OT1 ...
... processing UTF-8 mapping file for font encoding OT1

(/opt/local/share/texmf-texlive/tex/latex/base/ot1enc.dfu
File: ot1enc.dfu 2008/04/05 v1.1m UTF-8 support for inputenc
   defining Unicode char U+00A1 (decimal 161)
   defining Unicode char U+00A3 (decimal 163)
   defining Unicode char U+00B8 (decimal 184)
   defining Unicode char U+00BF (decimal 191)
   defining Unicode char U+00C5 (decimal 197)
   defining Unicode char U+00C6 (decimal 198)
   defining Unicode char U+00D8 (decimal 216)
   defining Unicode char U+00DF (decimal 223)
   defining Unicode char U+00E6 (decimal 230)
   defining Unicode char U+00EC (decimal 236)
   defining Unicode char U+00ED (decimal 237)
   defining Unicode char U+00EE (decimal 238)
   defining Unicode char U+00EF (decimal 239)
   defining Unicode char U+00F8 (decimal 248)
   defining Unicode char U+0131 (decimal 305)
   defining Unicode char U+0141 (decimal 321)
   defining Unicode char U+0142 (decimal 322)
   defining Unicode char U+0152 (decimal 338)
   defining Unicode char U+0153 (decimal 339)
   defining Unicode char U+2013 (decimal 8211)
   defining Unicode char U+2014 (decimal 8212)
   defining Unicode char U+2018 (decimal 8216)
   defining Unicode char U+2019 (decimal 8217)
   defining Unicode char U+201C (decimal 8220)
   defining Unicode char U+201D (decimal 8221)
)
Now handling font encoding OMS ...
... processing UTF-8 mapping file for font encoding OMS

(/opt/local/share/texmf-texlive/tex/latex/base/omsenc.dfu
File: omsenc.dfu 2008/04/05 v1.1m UTF-8 support for inputenc
   defining Unicode char U+00A7 (decimal 167)
   defining Unicode char U+00B6 (decimal 182)
   defining Unicode char U+00B7 (decimal 183)
   defining Unicode char U+2020 (decimal 8224)
   defining Unicode char U+2021 (decimal 8225)
   defining Unicode char U+2022 (decimal 8226)
)
Now handling font encoding OMX ...
... no UTF-8 mapping file for font encoding OMX
Now handling font encoding U ...
... no UTF-8 mapping file for font encoding U
   defining Unicode char U+00A9 (decimal 169)
   defining Unicode char U+00AA (decimal 170)
   defining Unicode char U+00AE (decimal 174)
   defining Unicode char U+00BA (decimal 186)
   defining Unicode char U+02C6 (decimal 710)
   defining Unicode char U+02DC (decimal 732)
   defining Unicode char U+200C (decimal 8204)
   defining Unicode char U+2026 (decimal 8230)
   defining Unicode char U+2122 (decimal 8482)
   defining Unicode char U+2423 (decimal 9251)
))
   defining Unicode char U+00A0 (decimal 160)

(/opt/local/share/texmf-texlive/tex/latex/cmap/cmap.sty
Package: cmap 2008/03/06 v1.0h CMap support: searchable PDF
)
(/opt/local/share/texmf-texlive/tex/latex/base/fontenc.sty
Package: fontenc 2005/09/27 v1.99g Standard LaTeX package

(/opt/local/share/texmf-texlive/tex/latex/base/t1enc.def
File: t1enc.def 2005/09/27 v1.99g Standard LaTeX file
LaTeX Font Info:    Redeclaring font encoding T1 on input line 43.
)<<t1.cmap>>)
(/opt/local/share/texmf-texlive/tex/generic/babel/babel.sty
Package: babel 2013/05/16 v3.9f The Babel package

(/opt/local/share/texmf-texlive/tex/generic/babel-english/english.ldf
Language: english 2012/08/20 v3.3p English support from the babel system

(/opt/local/share/texmf-texlive/tex/generic/babel/babel.def
File: babel.def 2013/05/16 v3.9f Babel common definitions
\babel@savecnt=\count88
\U@D=\dimen103
)
\l@canadian = a dialect from \language\l@american 
\l@australian = a dialect from \language\l@british 
\l@newzealand = a dialect from \language\l@british 
))
(/opt/local/share/texmf-texlive/tex/latex/psnfss/times.sty
Package: times 2005/04/12 PSNFSS-v9.2a (SPQR) 
) (./fncychap.sty
Package: fncychap 2007/07/30 v1.34 LaTeX package (Revised chapters)
\RW=\skip43
\mylen=\skip44
\myhi=\skip45
\px=\skip46
\py=\skip47
\pyy=\skip48
\pxx=\skip49
\c@AlphaCnt=\count89
\c@AlphaDecCnt=\count90
)
(/opt/local/share/texmf-texlive/tex/latex/tools/longtable.sty
Package: longtable 2004/02/01 v4.11 Multi-page Table package (DPC)
\LTleft=\skip50
\LTright=\skip51
\LTpre=\skip52
\LTpost=\skip53
\LTchunksize=\count91
\LTcapwidth=\dimen104
\LT@head=\box26
\LT@firsthead=\box27
\LT@foot=\box28
\LT@lastfoot=\box29
\LT@cols=\count92
\LT@rows=\count93
\c@LT@tables=\count94
\c@LT@chunks=\count95
\LT@p@ftn=\toks16
) (./sphinx.sty
Package: sphinx 2010/01/15 LaTeX package (Sphinx markup)

(/opt/local/share/texmf-texlive/tex/latex/fancyhdr/fancyhdr.sty
\fancy@headwidth=\skip54
\f@ncyO@elh=\skip55
\f@ncyO@erh=\skip56
\f@ncyO@olh=\skip57
\f@ncyO@orh=\skip58
\f@ncyO@elf=\skip59
\f@ncyO@erf=\skip60
\f@ncyO@olf=\skip61
\f@ncyO@orf=\skip62
)
(/opt/local/share/texmf-texlive/tex/latex/base/textcomp.sty
Package: textcomp 2005/09/27 v1.99g Standard LaTeX package
Package textcomp Info: Sub-encoding information:
(textcomp)               5 = only ISO-Adobe without \textcurrency
(textcomp)               4 = 5 + \texteuro
(textcomp)               3 = 4 + \textohm
(textcomp)               2 = 3 + \textestimated + \textcurrency
(textcomp)               1 = TS1 - \textcircled - \t
(textcomp)               0 = TS1 (full)
(textcomp)             Font families with sub-encoding setting implement
(textcomp)             only a restricted character set as indicated.
(textcomp)             Family '?' is the default used for unknown fonts.
(textcomp)             See the documentation for details.
Package textcomp Info: Setting ? sub-encoding to TS1/1 on input line 71.

(/opt/local/share/texmf-texlive/tex/latex/base/ts1enc.def
File: ts1enc.def 2001/06/05 v3.0e (jk/car/fm) Standard LaTeX file
Now handling font encoding TS1 ...
... processing UTF-8 mapping file for font encoding TS1

(/opt/local/share/texmf-texlive/tex/latex/base/ts1enc.dfu
File: ts1enc.dfu 2008/04/05 v1.1m UTF-8 support for inputenc
   defining Unicode char U+00A2 (decimal 162)
   defining Unicode char U+00A3 (decimal 163)
   defining Unicode char U+00A4 (decimal 164)
   defining Unicode char U+00A5 (decimal 165)
   defining Unicode char U+00A6 (decimal 166)
   defining Unicode char U+00A7 (decimal 167)
   defining Unicode char U+00A8 (decimal 168)
   defining Unicode char U+00A9 (decimal 169)
   defining Unicode char U+00AA (decimal 170)
   defining Unicode char U+00AC (decimal 172)
   defining Unicode char U+00AE (decimal 174)
   defining Unicode char U+00AF (decimal 175)
   defining Unicode char U+00B0 (decimal 176)
   defining Unicode char U+00B1 (decimal 177)
   defining Unicode char U+00B2 (decimal 178)
   defining Unicode char U+00B3 (decimal 179)
   defining Unicode char U+00B4 (decimal 180)
   defining Unicode char U+00B5 (decimal 181)
   defining Unicode char U+00B6 (decimal 182)
   defining Unicode char U+00B7 (decimal 183)
   defining Unicode char U+00B9 (decimal 185)
   defining Unicode char U+00BA (decimal 186)
   defining Unicode char U+00BC (decimal 188)
   defining Unicode char U+00BD (decimal 189)
   defining Unicode char U+00BE (decimal 190)
   defining Unicode char U+00D7 (decimal 215)
   defining Unicode char U+00F7 (decimal 247)
   defining Unicode char U+0192 (decimal 402)
   defining Unicode char U+02C7 (decimal 711)
   defining Unicode char U+02D8 (decimal 728)
   defining Unicode char U+02DD (decimal 733)
   defining Unicode char U+0E3F (decimal 3647)
   defining Unicode char U+2016 (decimal 8214)
   defining Unicode char U+2020 (decimal 8224)
   defining Unicode char U+2021 (decimal 8225)
   defining Unicode char U+2022 (decimal 8226)
   defining Unicode char U+2030 (decimal 8240)
   defining Unicode char U+2031 (decimal 8241)
   defining Unicode char U+203B (decimal 8251)
   defining Unicode char U+203D (decimal 8253)
   defining Unicode char U+2044 (decimal 8260)
   defining Unicode char U+204E (decimal 8270)
   defining Unicode char U+2052 (decimal 8274)
   defining Unicode char U+20A1 (decimal 8353)
   defining Unicode char U+20A4 (decimal 8356)
   defining Unicode char U+20A6 (decimal 8358)
   defining Unicode char U+20A9 (decimal 8361)
   defining Unicode char U+20AB (decimal 8363)
   defining Unicode char U+20AC (decimal 8364)
   defining Unicode char U+20B1 (decimal 8369)
   defining Unicode char U+2103 (decimal 8451)
   defining Unicode char U+2116 (decimal 8470)
   defining Unicode char U+2117 (decimal 8471)
   defining Unicode char U+211E (decimal 8478)
   defining Unicode char U+2120 (decimal 8480)
   defining Unicode char U+2122 (decimal 8482)
   defining Unicode char U+2126 (decimal 8486)
   defining Unicode char U+2127 (decimal 8487)
   defining Unicode char U+212E (decimal 8494)
   defining Unicode char U+2190 (decimal 8592)
   defining Unicode char U+2191 (decimal 8593)
   defining Unicode char U+2192 (decimal 8594)
   defining Unicode char U+2193 (decimal 8595)
   defining Unicode char U+2329 (decimal 9001)
   defining Unicode char U+232A (decimal 9002)
   defining Unicode char U+2422 (decimal 9250)
   defining Unicode char U+25E6 (decimal 9702)
   defining Unicode char U+25EF (decimal 9711)
   defining Unicode char U+266A (decimal 9834)
))
LaTeX Info: Redefining \oldstylenums on input line 266.
Package textcomp Info: Setting cmr sub-encoding to TS1/0 on input line 281.
Package textcomp Info: Setting cmss sub-encoding to TS1/0 on input line 282.
Package textcomp Info: Setting cmtt sub-encoding to TS1/0 on input line 283.
Package textcomp Info: Setting cmvtt sub-encoding to TS1/0 on input line 284.
Package textcomp Info: Setting cmbr sub-encoding to TS1/0 on input line 285.
Package textcomp Info: Setting cmtl sub-encoding to TS1/0 on input line 286.
Package textcomp Info: Setting ccr sub-encoding to TS1/0 on input line 287.
Package textcomp Info: Setting ptm sub-encoding to TS1/4 on input line 288.
Package textcomp Info: Setting pcr sub-encoding to TS1/4 on input line 289.
Package textcomp Info: Setting phv sub-encoding to TS1/4 on input line 290.
Package textcomp Info: Setting ppl sub-encoding to TS1/3 on input line 291.
Package textcomp Info: Setting pag sub-encoding to TS1/4 on input line 292.
Package textcomp Info: Setting pbk sub-encoding to TS1/4 on input line 293.
Package textcomp Info: Setting pnc sub-encoding to TS1/4 on input line 294.
Package textcomp Info: Setting pzc sub-encoding to TS1/4 on input line 295.
Package textcomp Info: Setting bch sub-encoding to TS1/4 on input line 296.
Package textcomp Info: Setting put sub-encoding to TS1/5 on input line 297.
Package textcomp Info: Setting uag sub-encoding to TS1/5 on input line 298.
Package textcomp Info: Setting ugq sub-encoding to TS1/5 on input line 299.
Package textcomp Info: Setting ul8 sub-encoding to TS1/4 on input line 300.
Package textcomp Info: Setting ul9 sub-encoding to TS1/4 on input line 301.
Package textcomp Info: Setting augie sub-encoding to TS1/5 on input line 302.
Package textcomp Info: Setting dayrom sub-encoding to TS1/3 on input line 303.
Package textcomp Info: Setting dayroms sub-encoding to TS1/3 on input line 304.

Package textcomp Info: Setting pxr sub-encoding to TS1/0 on input line 305.
Package textcomp Info: Setting pxss sub-encoding to TS1/0 on input line 306.
Package textcomp Info: Setting pxtt sub-encoding to TS1/0 on input line 307.
Package textcomp Info: Setting txr sub-encoding to TS1/0 on input line 308.
Package textcomp Info: Setting txss sub-encoding to TS1/0 on input line 309.
Package textcomp Info: Setting txtt sub-encoding to TS1/0 on input line 310.
Package textcomp Info: Setting lmr sub-encoding to TS1/0 on input line 311.
Package textcomp Info: Setting lmdh sub-encoding to TS1/0 on input line 312.
Package textcomp Info: Setting lmss sub-encoding to TS1/0 on input line 313.
Package textcomp Info: Setting lmssq sub-encoding to TS1/0 on input line 314.
Package textcomp Info: Setting lmvtt sub-encoding to TS1/0 on input line 315.
Package textcomp Info: Setting qhv sub-encoding to TS1/0 on input line 316.
Package textcomp Info: Setting qag sub-encoding to TS1/0 on input line 317.
Package textcomp Info: Setting qbk sub-encoding to TS1/0 on input line 318.
Package textcomp Info: Setting qcr sub-encoding to TS1/0 on input line 319.
Package textcomp Info: Setting qcs sub-encoding to TS1/0 on input line 320.
Package textcomp Info: Setting qpl sub-encoding to TS1/0 on input line 321.
Package textcomp Info: Setting qtm sub-encoding to TS1/0 on input line 322.
Package textcomp Info: Setting qzc sub-encoding to TS1/0 on input line 323.
Package textcomp Info: Setting qhvc sub-encoding to TS1/0 on input line 324.
Package textcomp Info: Setting futs sub-encoding to TS1/4 on input line 325.
Package textcomp Info: Setting futx sub-encoding to TS1/4 on input line 326.
Package textcomp Info: Setting futj sub-encoding to TS1/4 on input line 327.
Package textcomp Info: Setting hlh sub-encoding to TS1/3 on input line 328.
Package textcomp Info: Setting hls sub-encoding to TS1/3 on input line 329.
Package textcomp Info: Setting hlst sub-encoding to TS1/3 on input line 330.
Package textcomp Info: Setting hlct sub-encoding to TS1/5 on input line 331.
Package textcomp Info: Setting hlx sub-encoding to TS1/5 on input line 332.
Package textcomp Info: Setting hlce sub-encoding to TS1/5 on input line 333.
Package textcomp Info: Setting hlcn sub-encoding to TS1/5 on input line 334.
Package textcomp Info: Setting hlcw sub-encoding to TS1/5 on input line 335.
Package textcomp Info: Setting hlcf sub-encoding to TS1/5 on input line 336.
Package textcomp Info: Setting pplx sub-encoding to TS1/3 on input line 337.
Package textcomp Info: Setting pplj sub-encoding to TS1/3 on input line 338.
Package textcomp Info: Setting ptmx sub-encoding to TS1/4 on input line 339.
Package textcomp Info: Setting ptmj sub-encoding to TS1/4 on input line 340.
)
(/opt/local/share/texmf-texlive/tex/latex/fancybox/fancybox.sty
Package: fancybox 2010/05/15 1.4

Style option: `fancybox' v1.4 <2010/05/15> (tvz)
\@fancybox=\box30
\shadowsize=\dimen105
\@Sbox=\box31
\do@VerbBox=\toks17
\the@fancyput=\toks18
\this@fancyput=\toks19
\EndVerbatimTokens=\toks20
\Verbatim@Outfile=\write3
\Verbatim@Infile=\read1
) (/opt/local/share/texmf-texlive/tex/latex/titlesec/titlesec.sty
Package: titlesec 2011/12/15 v2.10.0 Sectioning titles
\ttl@box=\box32
\beforetitleunit=\skip63
\aftertitleunit=\skip64
\ttl@plus=\dimen106
\ttl@minus=\dimen107
\ttl@toksa=\toks21
\titlewidth=\dimen108
\titlewidthlast=\dimen109
\titlewidthfirst=\dimen110
)
(./tabulary.sty
Package: tabulary 2007/10/02 v0.9 tabulary package (DPC)
 (/opt/local/share/texmf-texlive/tex/latex/tools/array.sty
Package: array 2008/09/09 v2.4c Tabular extension package (FMi)
\col@sep=\dimen111
\extrarowheight=\dimen112
\NC@list=\toks22
\extratabsurround=\skip65
\backup@length=\skip66
)
\TY@count=\count96
\TY@linewidth=\dimen113
\tymin=\dimen114
\tymax=\dimen115
\TY@tablewidth=\dimen116
)
(/opt/local/share/texmf-texlive/tex/latex/amsmath/amsmath.sty
Package: amsmath 2013/01/14 v2.14 AMS math features
\@mathmargin=\skip67

For additional information on amsmath, use the `?' option.
(/opt/local/share/texmf-texlive/tex/latex/amsmath/amstext.sty
Package: amstext 2000/06/29 v2.01

(/opt/local/share/texmf-texlive/tex/latex/amsmath/amsgen.sty
File: amsgen.sty 1999/11/30 v2.0
\@emptytoks=\toks23
\ex@=\dimen117
))
(/opt/local/share/texmf-texlive/tex/latex/amsmath/amsbsy.sty
Package: amsbsy 1999/11/29 v1.2d
\pmbraise@=\dimen118
)
(/opt/local/share/texmf-texlive/tex/latex/amsmath/amsopn.sty
Package: amsopn 1999/12/14 v2.01 operator names
)
\inf@bad=\count97
LaTeX Info: Redefining \frac on input line 210.
\uproot@=\count98
\leftroot@=\count99
LaTeX Info: Redefining \overline on input line 306.
\classnum@=\count100
\DOTSCASE@=\count101
LaTeX Info: Redefining \ldots on input line 378.
LaTeX Info: Redefining \dots on input line 381.
LaTeX Info: Redefining \cdots on input line 466.
\Mathstrutbox@=\box33
\strutbox@=\box34
\big@size=\dimen119
LaTeX Font Info:    Redeclaring font encoding OML on input line 566.
LaTeX Font Info:    Redeclaring font encoding OMS on input line 567.
\macc@depth=\count102
\c@MaxMatrixCols=\count103
\dotsspace@=\muskip10
\c@parentequation=\count104
\dspbrk@lvl=\count105
\tag@help=\toks24
\row@=\count106
\column@=\count107
\maxfields@=\count108
\andhelp@=\toks25
\eqnshift@=\dimen120
\alignsep@=\dimen121
\tagshift@=\dimen122
\tagwidth@=\dimen123
\totwidth@=\dimen124
\lineht@=\dimen125
\@envbody=\toks26
\multlinegap=\skip68
\multlinetaggap=\skip69
\mathdisplay@stack=\toks27
LaTeX Info: Redefining \[ on input line 2665.
LaTeX Info: Redefining \] on input line 2666.
)
(/opt/local/share/texmf-texlive/tex/latex/base/makeidx.sty
Package: makeidx 2000/03/29 v1.0m Standard LaTeX package
)
(/opt/local/share/texmf-texlive/tex/latex/framed/framed.sty
Package: framed 2011/10/22 v 0.96: framed or shaded text with page breaks
\OuterFrameSep=\skip70
\fb@frw=\dimen126
\fb@frh=\dimen127
\FrameRule=\dimen128
\FrameSep=\dimen129
)
(/opt/local/share/texmf-texlive/tex/latex/base/ifthen.sty
Package: ifthen 2001/05/26 v1.1c Standard LaTeX ifthen package (DPC)
)
(/opt/local/share/texmf-texlive/tex/latex/graphics/color.sty
Package: color 2005/11/14 v1.0j Standard LaTeX Color (DPC)

(/opt/local/share/texmf-texlive/tex/latex/latexconfig/color.cfg
File: color.cfg 2007/01/18 v1.5 color configuration of teTeX/TeXLive
)
Package color Info: Driver file: pdftex.def on input line 130.

(/opt/local/share/texmf-texlive/tex/latex/pdftex-def/pdftex.def
File: pdftex.def 2011/05/27 v0.06d Graphics/color for pdfTeX

(/opt/local/share/texmf-texlive/tex/generic/oberdiek/infwarerr.sty
Package: infwarerr 2010/04/08 v1.3 Providing info/warning/error messages (HO)
)
(/opt/local/share/texmf-texlive/tex/generic/oberdiek/ltxcmds.sty
Package: ltxcmds 2011/11/09 v1.22 LaTeX kernel commands for general use (HO)
)
\Gread@gobject=\count109
))
(/opt/local/share/texmf-texlive/tex/latex/fancyvrb/fancyvrb.sty
Package: fancyvrb 2008/02/07

Style option: `fancyvrb' v2.7a, with DG/SPQR fixes, and firstline=lastline fix 
<2008/02/07> (tvz)
(/opt/local/share/texmf-texlive/tex/latex/graphics/keyval.sty
Package: keyval 1999/03/16 v1.13 key=value parser (DPC)
\KV@toks@=\toks28
)
\FV@CodeLineNo=\count110
\FV@InFile=\read2
\FV@TabBox=\box35
\c@FancyVerbLine=\count111
\FV@StepNumber=\count112
\FV@OutFile=\write4
)
(/opt/local/share/texmf-texlive/tex/latex/threeparttable/threeparttable.sty
Package: threeparttable 2003/06/13  v 3.0
\@tempboxb=\box36
)
(/opt/local/share/texmf-texlive/tex/latex/mdwtools/footnote.sty
Package: footnote 1997/01/28 1.13 Save footnotes around boxes
\fn@notes=\box37
\fn@width=\dimen130
)
(/opt/local/share/texmf-texlive/tex/latex/wrapfig/wrapfig.sty
\wrapoverhang=\dimen131
\WF@size=\dimen132
\c@WF@wrappedlines=\count113
\WF@box=\box38
\WF@everypar=\toks29
Package: wrapfig 2003/01/31  v 3.6
)
(/opt/local/share/texmf-texlive/tex/latex/parskip/parskip.sty
Package: parskip 2001/04/09 non-zero parskip adjustments
)
(/opt/local/share/texmf-texlive/tex/latex/graphics/graphicx.sty
Package: graphicx 1999/02/16 v1.0f Enhanced LaTeX Graphics (DPC,SPQR)

(/opt/local/share/texmf-texlive/tex/latex/graphics/graphics.sty
Package: graphics 2009/02/05 v1.0o Standard LaTeX Graphics (DPC,SPQR)

(/opt/local/share/texmf-texlive/tex/latex/graphics/trig.sty
Package: trig 1999/03/16 v1.09 sin cos tan (DPC)
)
(/opt/local/share/texmf-texlive/tex/latex/latexconfig/graphics.cfg
File: graphics.cfg 2010/04/23 v1.9 graphics configuration of TeX Live
)
Package graphics Info: Driver file: pdftex.def on input line 91.
)
\Gin@req@height=\dimen133
\Gin@req@width=\dimen134
)
(/opt/local/share/texmf-texlive/tex/plain/misc/pdfcolor.tex)
\distancetoright=\skip71
\py@argswidth=\skip72
\py@noticelength=\skip73
\lineblockindentation=\skip74
\image@box=\box39
\image@width=\dimen135

(/opt/local/share/texmf-texlive/tex/latex/hyperref/hyperref.sty
Package: hyperref 2012/11/06 v6.83m Hypertext links for LaTeX

(/opt/local/share/texmf-texlive/tex/generic/oberdiek/hobsub-hyperref.sty
Package: hobsub-hyperref 2012/05/28 v1.13 Bundle oberdiek, subset hyperref (HO)


(/opt/local/share/texmf-texlive/tex/generic/oberdiek/hobsub-generic.sty
Package: hobsub-generic 2012/05/28 v1.13 Bundle oberdiek, subset generic (HO)
Package: hobsub 2012/05/28 v1.13 Construct package bundles (HO)
Package hobsub Info: Skipping package `infwarerr' (already loaded).
Package hobsub Info: Skipping package `ltxcmds' (already loaded).
Package: ifluatex 2010/03/01 v1.3 Provides the ifluatex switch (HO)
Package ifluatex Info: LuaTeX not detected.
Package: ifvtex 2010/03/01 v1.5 Detect VTeX and its facilities (HO)
Package ifvtex Info: VTeX not detected.
Package: intcalc 2007/09/27 v1.1 Expandable calculations with integers (HO)
Package: ifpdf 2011/01/30 v2.3 Provides the ifpdf switch (HO)
Package ifpdf Info: pdfTeX in PDF mode is detected.
Package: etexcmds 2011/02/16 v1.5 Avoid name clashes with e-TeX commands (HO)
Package etexcmds Info: Could not find \expanded.
(etexcmds)             That can mean that you are not using pdfTeX 1.50 or
(etexcmds)             that some package has redefined \expanded.
(etexcmds)             In the latter case, load this package earlier.
Package: kvsetkeys 2012/04/25 v1.16 Key value parser (HO)
Package: kvdefinekeys 2011/04/07 v1.3 Define keys (HO)
Package: pdftexcmds 2011/11/29 v0.20 Utility functions of pdfTeX for LuaTeX (HO
)
Package pdftexcmds Info: LuaTeX not detected.
Package pdftexcmds Info: \pdf@primitive is available.
Package pdftexcmds Info: \pdf@ifprimitive is available.
Package pdftexcmds Info: \pdfdraftmode found.
Package: pdfescape 2011/11/25 v1.13 Implements pdfTeX's escape features (HO)
Package: bigintcalc 2012/04/08 v1.3 Expandable calculations on big integers (HO
)
Package: bitset 2011/01/30 v1.1 Handle bit-vector datatype (HO)
Package: uniquecounter 2011/01/30 v1.2 Provide unlimited unique counter (HO)
)
Package hobsub Info: Skipping package `hobsub' (already loaded).
Package: letltxmacro 2010/09/02 v1.4 Let assignment for LaTeX macros (HO)
Package: hopatch 2012/05/28 v1.2 Wrapper for package hooks (HO)
Package: xcolor-patch 2011/01/30 xcolor patch
Package: atveryend 2011/06/30 v1.8 Hooks at the very end of document (HO)
Package atveryend Info: \enddocument detected (standard20110627).
Package: atbegshi 2011/10/05 v1.16 At begin shipout hook (HO)
Package: refcount 2011/10/16 v3.4 Data extraction from label references (HO)
Package: hycolor 2011/01/30 v1.7 Color options for hyperref/bookmark (HO)
)
(/opt/local/share/texmf-texlive/tex/generic/ifxetex/ifxetex.sty
Package: ifxetex 2010/09/12 v0.6 Provides ifxetex conditional
)
(/opt/local/share/texmf-texlive/tex/latex/oberdiek/auxhook.sty
Package: auxhook 2011/03/04 v1.3 Hooks for auxiliary files (HO)
)
(/opt/local/share/texmf-texlive/tex/latex/oberdiek/kvoptions.sty
Package: kvoptions 2011/06/30 v3.11 Key value format for package options (HO)
)
\@linkdim=\dimen136
\Hy@linkcounter=\count114
\Hy@pagecounter=\count115

(/opt/local/share/texmf-texlive/tex/latex/hyperref/pd1enc.def
File: pd1enc.def 2012/11/06 v6.83m Hyperref: PDFDocEncoding definition (HO)
Now handling font encoding PD1 ...
... no UTF-8 mapping file for font encoding PD1
)
\Hy@SavedSpaceFactor=\count116

(/opt/local/share/texmf-texlive/tex/latex/latexconfig/hyperref.cfg
File: hyperref.cfg 2002/06/06 v1.2 hyperref configuration of TeXLive
)
Package hyperref Info: Option `colorlinks' set `true' on input line 4319.
Package hyperref Info: Option `breaklinks' set `true' on input line 4319.
Package hyperref Info: Hyper figures OFF on input line 4443.
Package hyperref Info: Link nesting OFF on input line 4448.
Package hyperref Info: Hyper index ON on input line 4451.
Package hyperref Info: Plain pages OFF on input line 4458.
Package hyperref Info: Backreferencing OFF on input line 4463.
Package hyperref Info: Implicit mode ON; LaTeX internals redefined.
Package hyperref Info: Bookmarks ON on input line 4688.
\c@Hy@tempcnt=\count117

(/opt/local/share/texmf-texlive/tex/latex/url/url.sty
\Urlmuskip=\muskip11
Package: url 2006/04/12  ver 3.3  Verb mode for urls, etc.
)
LaTeX Info: Redefining \url on input line 5041.
\XeTeXLinkMargin=\dimen137
\Fld@menulength=\count118
\Field@Width=\dimen138
\Fld@charsize=\dimen139
Package hyperref Info: Hyper figures OFF on input line 6295.
Package hyperref Info: Link nesting OFF on input line 6300.
Package hyperref Info: Hyper index ON on input line 6303.
Package hyperref Info: backreferencing OFF on input line 6310.
Package hyperref Info: Link coloring ON on input line 6313.
Package hyperref Info: Link coloring with OCG OFF on input line 6320.
Package hyperref Info: PDF/A mode OFF on input line 6325.
LaTeX Info: Redefining \ref on input line 6365.
LaTeX Info: Redefining \pageref on input line 6369.
\Hy@abspage=\count119
\c@Item=\count120
\c@Hfootnote=\count121
)

Package hyperref Message: Driver (autodetected): hpdftex.

(/opt/local/share/texmf-texlive/tex/latex/hyperref/hpdftex.def
File: hpdftex.def 2012/11/06 v6.83m Hyperref driver for pdfTeX
\Fld@listcount=\count122
\c@bookmark@seq@number=\count123

(/opt/local/share/texmf-texlive/tex/latex/oberdiek/rerunfilecheck.sty
Package: rerunfilecheck 2011/04/15 v1.7 Rerun checks for auxiliary files (HO)
Package uniquecounter Info: New unique counter `rerunfilecheck' on input line 2
82.
)
\Hy@SectionHShift=\skip75
)
(/opt/local/share/texmf-texlive/tex/latex/oberdiek/hypcap.sty
Package: hypcap 2011/02/16 v1.11 Adjusting the anchors of captions (HO)
)
\DUlineblockindent=\skip76
)
(/opt/local/share/texmf-texlive/tex/latex/multirow/multirow.sty
\bigstrutjot=\dimen140
)
(/opt/local/share/texmf-texlive/tex/latex/amsfonts/amsfonts.sty
Package: amsfonts 2013/01/14 v3.01 Basic AMSFonts support
\symAMSa=\mathgroup4
\symAMSb=\mathgroup5
LaTeX Font Info:    Overwriting math alphabet `\mathfrak' in version `bold'
(Font)                  U/euf/m/n --> U/euf/b/n on input line 106.
)
\@indexfile=\write5
\openout5 = `Econ133.idx'.


Writing index file Econ133.idx
(./Econ133.aux)
\openout1 = `Econ133.aux'.

LaTeX Font Info:    Checking defaults for OML/cmm/m/it on input line 117.
LaTeX Font Info:    ... okay on input line 117.
LaTeX Font Info:    Checking defaults for T1/cmr/m/n on input line 117.
LaTeX Font Info:    ... okay on input line 117.
LaTeX Font Info:    Checking defaults for OT1/cmr/m/n on input line 117.
LaTeX Font Info:    ... okay on input line 117.
LaTeX Font Info:    Checking defaults for OMS/cmsy/m/n on input line 117.
LaTeX Font Info:    ... okay on input line 117.
LaTeX Font Info:    Checking defaults for OMX/cmex/m/n on input line 117.
LaTeX Font Info:    ... okay on input line 117.
LaTeX Font Info:    Checking defaults for U/cmr/m/n on input line 117.
LaTeX Font Info:    ... okay on input line 117.
LaTeX Font Info:    Checking defaults for TS1/cmr/m/n on input line 117.
LaTeX Font Info:    Try loading font information for TS1+cmr on input line 117.

 (/opt/local/share/texmf-texlive/tex/latex/base/ts1cmr.fd
File: ts1cmr.fd 1999/05/25 v2.5h Standard LaTeX font definitions
)
LaTeX Font Info:    ... okay on input line 117.
LaTeX Font Info:    Checking defaults for PD1/pdf/m/n on input line 117.
LaTeX Font Info:    ... okay on input line 117.
LaTeX Font Info:    Try loading font information for T1+ptm on input line 117.

(/opt/local/share/texmf-texlive/tex/latex/psnfss/t1ptm.fd
File: t1ptm.fd 2001/06/04 font definitions for T1/ptm.
)
(/opt/local/share/texmf-texlive/tex/context/base/supp-pdf.mkii
[Loading MPS to PDF converter (version 2006.09.02).]
\scratchcounter=\count124
\scratchdimen=\dimen141
\scratchbox=\box40
\nofMPsegments=\count125
\nofMParguments=\count126
\everyMPshowfont=\toks30
\MPscratchCnt=\count127
\MPscratchDim=\dimen142
\MPnumerator=\count128
\makeMPintoPDFobject=\count129
\everyMPtoPDFconversion=\toks31
) (/opt/local/share/texmf-texlive/tex/latex/oberdiek/epstopdf-base.sty
Package: epstopdf-base 2010/02/09 v2.5 Base part for package epstopdf

(/opt/local/share/texmf-texlive/tex/latex/oberdiek/grfext.sty
Package: grfext 2010/08/19 v1.1 Manage graphics extensions (HO)
)
Package grfext Info: Graphics extension search list:
(grfext)             [.png,.pdf,.jpg,.mps,.jpeg,.jbig2,.jb2,.PNG,.PDF,.JPG,.JPE
G,.JBIG2,.JB2,.eps]
(grfext)             \AppendGraphicsExtensions on input line 452.

(/opt/local/share/texmf-texlive/tex/latex/latexconfig/epstopdf-sys.cfg
File: epstopdf-sys.cfg 2010/07/13 v1.3 Configuration of (r)epstopdf for TeX Liv
e
))
\AtBeginShipoutBox=\box41
Package hyperref Info: Link coloring ON on input line 117.

(/opt/local/share/texmf-texlive/tex/latex/hyperref/nameref.sty
Package: nameref 2012/10/27 v2.43 Cross-referencing by name of section

(/opt/local/share/texmf-texlive/tex/generic/oberdiek/gettitlestring.sty
Package: gettitlestring 2010/12/03 v1.4 Cleanup title references (HO)
)
\c@section@level=\count130
)
LaTeX Info: Redefining \ref on input line 117.
LaTeX Info: Redefining \pageref on input line 117.
LaTeX Info: Redefining \nameref on input line 117.

(./Econ133.out) (./Econ133.out)
\@outlinefile=\write6
\openout6 = `Econ133.out'.


Underfull \hbox (badness 10000) in paragraph at lines 120--120

 []

LaTeX Font Info:    Try loading font information for T1+phv on input line 120.
(/opt/local/share/texmf-texlive/tex/latex/psnfss/t1phv.fd
File: t1phv.fd 2001/06/04 scalable font definitions for T1/phv.
)
LaTeX Font Info:    Font shape `T1/phv/bx/n' in size <24.88> not available
(Font)              Font shape `T1/phv/b/n' tried instead on input line 120.
LaTeX Font Info:    Font shape `T1/phv/m/it' in size <17.28> not available
(Font)              Font shape `T1/phv/m/sl' tried instead on input line 120.
LaTeX Font Info:    Font shape `T1/phv/bx/it' in size <17.28> not available
(Font)              Font shape `T1/phv/b/it' tried instead on input line 120.
LaTeX Font Info:    Font shape `T1/phv/b/it' in size <17.28> not available
(Font)              Font shape `T1/phv/b/sl' tried instead on input line 120.
LaTeX Font Info:    Font shape `T1/phv/bx/n' in size <17.28> not available
(Font)              Font shape `T1/phv/b/n' tried instead on input line 120.
<<ot1.cmap>><<oml.cmap>><<oms.cmap>><<omx.cmap>>
LaTeX Font Info:    Try loading font information for U+msa on input line 120.

(/opt/local/share/texmf-texlive/tex/latex/amsfonts/umsa.fd
File: umsa.fd 2013/01/14 v3.01 AMS symbols A
)
LaTeX Font Info:    Try loading font information for U+msb on input line 120.

(/opt/local/share/texmf-texlive/tex/latex/amsfonts/umsb.fd
File: umsb.fd 2013/01/14 v3.01 AMS symbols B
) [1

{/opt/local/var/db/texmf/fonts/map/pdftex/updmap/pdftex.map}] [2

] (./Econ133.toc
LaTeX Font Info:    Font shape `T1/ptm/bx/n' in size <10> not available
(Font)              Font shape `T1/ptm/b/n' tried instead on input line 2.
LaTeX Font Info:    Font shape `T1/phv/bx/n' in size <10> not available
(Font)              Font shape `T1/phv/b/n' tried instead on input line 164.
pdfTeX warning (ext4): destination with the same identifier (name{page.i}) has 
been already used, duplicate ignored
<to be read again> 
                   \relax 
l.164 ...}Portfolio Optimization}{51}{section.4.2}
                                                   [1

]pdfTeX warning (ext4): destination with the same identifier (name{page.ii}) ha
s been already used, duplicate ignored
<to be read again> 
                   \relax 
l.322 ... Option Payoff (Buyer)}{98}{section.7.14}
                                                   [2])
\tf@toc=\write7
\openout7 = `Econ133.toc'.


Adding blank page after the table of contents.
[3] [4] [1

] [2

]
Chapter 1.
LaTeX Font Info:    Font shape `T1/phv/bx/n' in size <14.4> not available
(Font)              Font shape `T1/phv/b/n' tried instead on input line 127.
LaTeX Font Info:    Font shape `T1/ptm/bx/n' in size <14.4> not available
(Font)              Font shape `T1/ptm/b/n' tried instead on input line 127.
LaTeX Font Info:    Font shape `T1/ptm/bx/n' in size <24.88> not available
(Font)              Font shape `T1/ptm/b/n' tried instead on input line 127.
LaTeX Font Info:    Try loading font information for TS1+ptm on input line 136.

(/opt/local/share/texmf-texlive/tex/latex/psnfss/ts1ptm.fd
File: ts1ptm.fd 2001/06/04 font definitions for TS1/ptm.
) [3] [4] [5]
[6] <Normal_Distribution_PDF.png, id=692, 1003.75pt x 641.39626pt> [7]
File: Normal_Distribution_PDF.png Graphic file (type png)

<use Normal_Distribution_PDF.png>
Package pdftex.def Info: Normal_Distribution_PDF.png used on input line 479.
(pdftex.def)             Requested size: 433.62pt x 277.08688pt.
 [8 <./Normal_Distribution_PDF.png>] [9]
[10]
Chapter 2.
LaTeX Font Info:    Font shape `T1/phv/bx/n' in size <12> not available
(Font)              Font shape `T1/phv/b/n' tried instead on input line 619.
[11

] [12] [13] [14] [15] [16]
<buttonwood.png, id=778, 475.7775pt x 355.3275pt>
File: buttonwood.png Graphic file (type png)
 <use buttonwood.png>
Package pdftex.def Info: buttonwood.png used on input line 1319.
(pdftex.def)             Requested size: 433.62pt x 323.85817pt.
 [17]
<stockCertificate.png, id=785, 385.44pt x 252.4632pt>
File: stockCertificate.png Graphic file (type png)

<use stockCertificate.png>
Package pdftex.def Info: stockCertificate.png used on input line 1325.
(pdftex.def)             Requested size: 542.025pt x 355.02548pt.

Overfull \hbox (122.27005pt too wide) in paragraph at lines 1325--1326
[] [] 
 []

[18 <./buttonwood.png>]
File: stockCertificate.png Graphic file (type png)
 <use stockCertificate.png>
Package pdftex.def Info: stockCertificate.png used on input line 1328.
(pdftex.def)             Requested size: 433.62pt x 284.02039pt.
 [19 <./stockCertificate.png>] [20] <exchangeMap.png, id=810, 892.33376pt x 511
.9125pt>
File: exchangeMap.png Graphic file (type png)

<use exchangeMap.png>
Package pdftex.def Info: exchangeMap.png used on input line 1434.
(pdftex.def)             Requested size: 433.62pt x 248.76155pt.
 <microwave.png, id=811, 1742.51pt x 798.985pt>
File: microwave.png Graphic file (type png)

<use microwave.png>
Package pdftex.def Info: microwave.png used on input line 1439.
(pdftex.def)             Requested size: 433.62pt x 198.8192pt.
 [21 <./exchangeMap.png>]
<worldExchanges.png, id=818, 1884.03876pt x 851.18pt>
File: worldExchanges.png Graphic file (type png)
 <use worldExchanges.png>
Package pdftex.def Info: worldExchanges.png used on input line 1444.
(pdftex.def)             Requested size: 433.62pt x 195.89716pt.

[22 <./microwave.png> <./worldExchanges.png>]
<orderBook1.png, id=826, 1062.97125pt x 900.36375pt>
File: orderBook1.png Graphic file (type png)
 <use orderBook1.png>
Package pdftex.def Info: orderBook1.png used on input line 1506.
(pdftex.def)             Requested size: 433.62pt x 367.29684pt.

<orderBook2.png, id=827, 1057.9525pt x 896.34875pt>
File: orderBook2.png Graphic file (type png)
 <use orderBook2.png>
Package pdftex.def Info: orderBook2.png used on input line 1511.
(pdftex.def)             Requested size: 433.62pt x 367.38228pt.

[23 <./orderBook1.png>] <orderBook3.png, id=834, 1069.9975pt x 918.43124pt>
File: orderBook3.png Graphic file (type png)

<use orderBook3.png>
Package pdftex.def Info: orderBook3.png used on input line 1516.
(pdftex.def)             Requested size: 433.62pt x 372.20085pt.
 [24 <./orderBook2.png>]
<orderBook4.png, id=840, 1055.945pt x 903.375pt>
File: orderBook4.png Graphic file (type png)
 <use orderBook4.png>
Package pdftex.def Info: orderBook4.png used on input line 1521.
(pdftex.def)             Requested size: 433.62pt x 370.96509pt.
 [25 <./orderBook3.png>] <orderBook5.png, id=847, 1062.97125pt x 850.17625pt>
File: orderBook5.png Graphic file (type png)

<use orderBook5.png>
Package pdftex.def Info: orderBook5.png used on input line 1526.
(pdftex.def)             Requested size: 433.62pt x 346.82321pt.
 [26 <./orderBook4.png>] [27 <./orderBook5.png>] [28]
[29] [30

]
Chapter 3.
[31] [32] [33] [34] [35] [36] <amazon.png, id=935, 722.7pt x 578.16pt>
File: amazon.png Graphic file (type png)

<use amazon.png>
Package pdftex.def Info: amazon.png used on input line 2332.
(pdftex.def)             Requested size: 433.62pt x 346.89867pt.
 <amazon_coke.png, id=936, 722.7pt x 578.16pt>
File: amazon_coke.png Graphic file (type png)

<use amazon_coke.png>
Package pdftex.def Info: amazon_coke.png used on input line 2337.
(pdftex.def)             Requested size: 433.62pt x 346.89867pt.
 [37 <./amazon.png>] [38 <./amazon_coke.png>]
<amzn-monthly.png, id=954, 628.3475pt x 352.31625pt>
File: amzn-monthly.png Graphic file (type png)
 <use amzn-monthly.png>
Package pdftex.def Info: amzn-monthly.png used on input line 2442.
(pdftex.def)             Requested size: 433.62pt x 243.13072pt.

<ko-monthly.png, id=955, 624.3325pt x 459.7175pt>
File: ko-monthly.png Graphic file (type png)
 <use ko-monthly.png>
Package pdftex.def Info: ko-monthly.png used on input line 2447.
(pdftex.def)             Requested size: 433.62pt x 319.29579pt.
 [39 <./amzn-monthly.png>] <amzn-coke-xls.png, id=963, 825.0825pt x 240.9pt>
File: amzn-coke-xls.png Graphic file (type png)

<use amzn-coke-xls.png>
Package pdftex.def Info: amzn-coke-xls.png used on input line 2452.
(pdftex.def)             Requested size: 433.62pt x 126.6067pt.
 [40 <./ko-monthly.png> <./amzn-coke-xls.png>] [41]
[42]
Chapter 4.
[43

] <pg164_1.jpg, id=994, 234.6366pt x 127.677pt>
File: pg164_1.jpg Graphic file (type jpg)
 <use pg164_1.jpg>
Package pdftex.def Info: pg164_1.jpg used on input line 2707.
(pdftex.def)             Requested size: 433.62pt x 235.963pt.

<pg165_2.jpg, id=995, 205.7286pt x 165.2574pt> [44 <./pg164_1.jpg>]
File: pg165_2.jpg Graphic file (type jpg)

<use pg165_2.jpg>
Package pdftex.def Info: pg165_2.jpg used on input line 2757.
(pdftex.def)             Requested size: 433.62pt x 348.33171pt.
 [45 <./pg165_2.jpg>] [46]
<pg172_1.jpg, id=1018, 191.7564pt x 116.1138pt>
File: pg172_1.jpg Graphic file (type jpg)
 <use pg172_1.jpg>
Package pdftex.def Info: pg172_1.jpg used on input line 2967.
(pdftex.def)             Requested size: 433.62pt x 262.57535pt.
 [47] [48 <./pg172_1.jpg>] <calSS.png, id=1035, 1562.83875pt x 840.13875pt>
File: calSS.png Graphic file (type png)
 <use calSS.png>
Package pdftex.def Info: calSS.png used on input line 3043.
(pdftex.def)             Requested size: 433.62pt x 233.09639pt.

<pg177_2.jpg, id=1036, 223.5552pt x 179.2296pt>
File: pg177_2.jpg Graphic file (type jpg)
 <use pg177_2.jpg>
Package pdftex.def Info: pg177_2.jpg used on input line 3050.
(pdftex.def)             Requested size: 433.62pt x 347.67761pt.
 [49 <./calSS.png>] [50 <./pg177_2.jpg>]
<bod34698_0601_lg.jpg, id=1052, 272.6988pt x 145.0218pt>
File: bod34698_0601_lg.jpg Graphic file (type jpg)

<use bod34698_0601_lg.jpg>
Package pdftex.def Info: bod34698_0601_lg.jpg used on input line 3208.
(pdftex.def)             Requested size: 433.62pt x 230.6079pt.
 [51] [52 <./bod34698_0601_lg.jpg>] [53]
<pg205_1.jpg, id=1078, 179.7114pt x 177.7842pt>
File: pg205_1.jpg Graphic file (type jpg)
 <use pg205_1.jpg>
Package pdftex.def Info: pg205_1.jpg used on input line 3407.
(pdftex.def)             Requested size: 433.62pt x 429.02371pt.
 [54 <./pg205_1.jpg>] <pg206_1.jpg, id=1085, 186.4566pt x 171.5208pt>
File: pg206_1.jpg Graphic file (type jpg)
 <use pg206_1.jpg>
Package pdftex.def Info: pg206_1.jpg used on input line 3465.
(pdftex.def)             Requested size: 433.62pt x 398.92303pt.

[55] [56 <./pg206_1.jpg>] <pg208_1.jpg, id=1099, 184.5294pt x 172.4844pt>
File: pg208_1.jpg Graphic file (type jpg)

<use pg208_1.jpg>
Package pdftex.def Info: pg208_1.jpg used on input line 3537.
(pdftex.def)             Requested size: 433.62pt x 405.37787pt.
 [57] [58 <./pg208_1.jpg>] [59]
<pg211_1.jpg, id=1120, 219.7008pt x 154.176pt>
File: pg211_1.jpg Graphic file (type jpg)
 <use pg211_1.jpg>
Package pdftex.def Info: pg211_1.jpg used on input line 3721.
(pdftex.def)             Requested size: 433.62pt x 304.31189pt.
 [60]
<pg212_2.jpg, id=1130, 222.1098pt x 151.2852pt>
File: pg212_2.jpg Graphic file (type jpg)
 <use pg212_2.jpg>
Package pdftex.def Info: pg212_2.jpg used on input line 3748.
(pdftex.def)             Requested size: 433.62pt x 295.36966pt.
 [61 <./pg211_1.jpg>] [62 <./pg212_2.jpg>] [63] [64] [65] [66

]
Chapter 5.
[67] [68]

Package hyperref Warning: Token not allowed in a PDF string (PDFDocEncoding):
(hyperref)                removing `math shift' on input line 4305.


Package hyperref Warning: Token not allowed in a PDF string (PDFDocEncoding):
(hyperref)                removing `\alpha' on input line 4305.


Package hyperref Warning: Token not allowed in a PDF string (PDFDocEncoding):
(hyperref)                removing `math shift' on input line 4305.

[69] [70] [71] [72] <pg254_1.jpg, id=1219, 254.3904pt x 162.3666pt>
File: pg254_1.jpg Graphic file (type jpg)

<use pg254_1.jpg>
Package pdftex.def Info: pg254_1.jpg used on input line 4665.
(pdftex.def)             Requested size: 433.62pt x 276.77519pt.
 [73] <spy-swy-tsplot.png, id=1229, 578.16pt x 289.08pt>
File: spy-swy-tsplot.png Graphic file (type png)

<use spy-swy-tsplot.png>
Package pdftex.def Info: spy-swy-tsplot.png used on input line 4703.
(pdftex.def)             Requested size: 433.62pt x 216.80946pt.
 [74 <./pg254_1.jpg>]
<spy-swy-reg.png, id=1234, 578.16pt x 578.16pt>
File: spy-swy-reg.png Graphic file (type png)
 <use spy-swy-reg.png>
Package pdftex.def Info: spy-swy-reg.png used on input line 4745.
(pdftex.def)             Requested size: 433.62pt x 433.61893pt.
 [75 <./spy-swy-tsplot.png>] [76 <./spy-swy-reg.png>]
Chapter 6.
[77

] <bod34698_1001_lg.jpg, id=1253, 519.44063pt x 317.68687pt>
File: bod34698_1001_lg.jpg Graphic file (type jpg)

<use bod34698_1001_lg.jpg>
Package pdftex.def Info: bod34698_1001_lg.jpg used on input line 4865.
(pdftex.def)             Requested size: 433.62pt x 265.1973pt.

<bod34698_1002_lg.jpg, id=1254, 519.44063pt x 134.75343pt>
File: bod34698_1002_lg.jpg Graphic file (type jpg)

<use bod34698_1002_lg.jpg>
Package pdftex.def Info: bod34698_1002_lg.jpg used on input line 4876.
(pdftex.def)             Requested size: 433.62pt x 112.48889pt.
 [78 <./bod34698_1001_lg.jpg>]
<table10_1_lg.jpg, id=1262, 334.851pt x 77.088pt>
File: table10_1_lg.jpg Graphic file (type jpg)
 <use table10_1_lg.jpg>
Package pdftex.def Info: table10_1_lg.jpg used on input line 4931.
(pdftex.def)             Requested size: 433.62pt x 99.82738pt.

[79 <./bod34698_1002_lg.jpg> <./table10_1_lg.jpg>] [80] [81] [82] [83] [84]
<table10_2_lg.jpg, id=1317, 335.3328pt x 114.6684pt>
File: table10_2_lg.jpg Graphic file (type jpg)
 <use table10_2_lg.jpg>
Package pdftex.def Info: table10_2_lg.jpg used on input line 5410.
(pdftex.def)             Requested size: 433.62pt x 148.28502pt.

[85 <./table10_2_lg.jpg>]
<bod34698_1012_lg.jpg, id=1328, 329.0694pt x 134.904pt>
File: bod34698_1012_lg.jpg Graphic file (type jpg)

<use bod34698_1012_lg.jpg>
Package pdftex.def Info: bod34698_1012_lg.jpg used on input line 5474.
(pdftex.def)             Requested size: 433.62pt x 177.76712pt.
 <pg484_1.jpg, id=1329, 277.035pt x 186.9384pt>
File: pg484_1.jpg Graphic file (type jpg)

<use pg484_1.jpg>
Package pdftex.def Info: pg484_1.jpg used on input line 5527.
(pdftex.def)             Requested size: 433.62pt x 292.60112pt.
 [86 <./bod34698_1012_lg.jpg>] [87 <./pg484_1.jpg>]
<pg486_3.jpg, id=1343, 257.763pt x 155.1396pt>
File: pg486_3.jpg Graphic file (type jpg)
 <use pg486_3.jpg>
Package pdftex.def Info: pg486_3.jpg used on input line 5648.
(pdftex.def)             Requested size: 433.62pt x 260.9949pt.
 [88] [89 <./pg486_3.jpg>] [90] <bod34698_1014_lg.jpg, id=1370, 305.943pt x 338
.2236pt>
File: bod34698_1014_lg.jpg Graphic file (type jpg)

<use bod34698_1014_lg.jpg>
Package pdftex.def Info: bod34698_1014_lg.jpg used on input line 5873.
(pdftex.def)             Requested size: 433.62pt x 479.37773pt.
 [91]
<bod34698_1015_lg.jpg, id=1380, 333.4056pt x 190.311pt>
File: bod34698_1015_lg.jpg Graphic file (type jpg)

<use bod34698_1015_lg.jpg>
Package pdftex.def Info: bod34698_1015_lg.jpg used on input line 5880.
(pdftex.def)             Requested size: 433.62pt x 247.53493pt.
 [92 <./bod34698_1014_lg.jpg>] [93 <./bod34698_1015_lg.jpg>] [94

]
Chapter 7.
[95] [96] [97] <bod34698_1502_lg.jpg, id=1407, 312.6882pt x 202.356pt>
File: bod34698_1502_lg.jpg Graphic file (type jpg)

<use bod34698_1502_lg.jpg>
Package pdftex.def Info: bod34698_1502_lg.jpg used on input line 6206.
(pdftex.def)             Requested size: 433.62pt x 280.64412pt.
 [98 <./bod34698_1502_lg.jpg>]
<bod34698_1503_lg.jpg, id=1412, 519.44063pt x 312.41719pt>
File: bod34698_1503_lg.jpg Graphic file (type jpg)

<use bod34698_1503_lg.jpg>
Package pdftex.def Info: bod34698_1503_lg.jpg used on input line 6227.
(pdftex.def)             Requested size: 433.62pt x 260.7983pt.
 [99 <./bod34698_1503_lg.jpg>]
<bod34698_1504_lg.jpg, id=1417, 519.44063pt x 340.27126pt>
File: bod34698_1504_lg.jpg Graphic file (type jpg)

<use bod34698_1504_lg.jpg>
Package pdftex.def Info: bod34698_1504_lg.jpg used on input line 6263.
(pdftex.def)             Requested size: 433.62pt x 284.05019pt.
 [100 <./bod34698_1504_lg.jpg>]
<table1.png, id=1422, 1830.84pt x 411.5375pt>
File: table1.png Graphic file (type png)
 <use table1.png>
Package pdftex.def Info: table1.png used on input line 6324.
(pdftex.def)             Requested size: 578.15999pt x 129.95525pt.

Overfull \hbox (108.40498pt too wide) in paragraph at lines 6324--6325
[] []
 []


Underfull \hbox (badness 10000) in paragraph at lines 6324--6325

 []

<table2.png, id=1423, 1858.945pt x 414.54875pt>
File: table2.png Graphic file (type png)
 <use table2.png>
Package pdftex.def Info: table2.png used on input line 6333.
(pdftex.def)             Requested size: 578.15999pt x 128.92625pt.

Overfull \hbox (108.40498pt too wide) in paragraph at lines 6333--6334
[] []
 []


Underfull \hbox (badness 10000) in paragraph at lines 6333--6334

 []

[101 <./table1.png> <./table2.png>]
<bod34698_1505_lg.jpg, id=1428, 622.325pt x 334.24875pt>
File: bod34698_1505_lg.jpg Graphic file (type jpg)

<use bod34698_1505_lg.jpg>
Package pdftex.def Info: bod34698_1505_lg.jpg used on input line 6384.
(pdftex.def)             Requested size: 433.62pt x 232.89638pt.
 <table3.png, id=1429, 864.22874pt x 393.47pt>
File: table3.png Graphic file (type png)

<use table3.png>
Package pdftex.def Info: table3.png used on input line 6400.
(pdftex.def)             Requested size: 289.07999pt x 131.61063pt.
 [102 <./bod34698_1505_lg.jpg>]
<bod34698_1506_lg.jpg, id=1434, 472.76625pt x 863.225pt>
File: bod34698_1506_lg.jpg Graphic file (type jpg)

<use bod34698_1506_lg.jpg>
Package pdftex.def Info: bod34698_1506_lg.jpg used on input line 6423.
(pdftex.def)             Requested size: 289.07999pt x 527.84415pt.
 [103 <./table3.png>]
<bod34698_1507_lg.jpg, id=1440, 548.0475pt x 517.935pt>
File: bod34698_1507_lg.jpg Graphic file (type jpg)

<use bod34698_1507_lg.jpg>
Package pdftex.def Info: bod34698_1507_lg.jpg used on input line 6430.
(pdftex.def)             Requested size: 361.34999pt x 341.4983pt.
 [104 <./bod34698_1506_lg.jpg>]
<table4.png, id=1445, 1161.33875pt x 395.4775pt>
File: table4.png Graphic file (type png)
 <use table4.png>
Package pdftex.def Info: table4.png used on input line 6455.
(pdftex.def)             Requested size: 361.34999pt x 123.04933pt.

<bod34698_1508_lg.jpg, id=1446, 546.04pt x 893.3375pt> [105 <./bod34698_1507_lg
.jpg> <./table4.png>]
File: bod34698_1508_lg.jpg Graphic file (type jpg)
 <use bod34698_1508_lg.jpg>
Package pdftex.def Info: bod34698_1508_lg.jpg used on input line 6462.
(pdftex.def)             Requested size: 289.07999pt x 472.94862pt.
 [106 <./bod34698_1508_lg.jpg>] <table5.png, id=1455, 854.19125pt x 391.4625pt>
File: table5.png Graphic file (type png)
 <use table5.png>
Package pdftex.def Info: table5.png used on input line 6483.
(pdftex.def)             Requested size: 289.07999pt x 132.48024pt.

<bod34698_1509_lg.jpg, id=1456, 516.93124pt x 860.21375pt>
File: bod34698_1509_lg.jpg Graphic file (type jpg)

<use bod34698_1509_lg.jpg>
Package pdftex.def Info: bod34698_1509_lg.jpg used on input line 6506.
(pdftex.def)             Requested size: 289.07999pt x 481.07324pt.
 [107 <./table5.png>] [108 <./bod34698_1509_lg.jpg>]
<table6.png, id=1466, 1726.45pt x 340.27126pt>
File: table6.png Graphic file (type png)
 <use table6.png>
Package pdftex.def Info: table6.png used on input line 6538.
(pdftex.def)             Requested size: 505.89pt x 99.70416pt.

Overfull \hbox (36.135pt too wide) in paragraph at lines 6538--6539
[] []
 []


Underfull \hbox (badness 10000) in paragraph at lines 6538--6539

 []

<bod34698_1510_lg.jpg, id=1467, 518.93875pt x 871.255pt>
File: bod34698_1510_lg.jpg Graphic file (type jpg)

<use bod34698_1510_lg.jpg>
Package pdftex.def Info: bod34698_1510_lg.jpg used on input line 6545.
(pdftex.def)             Requested size: 289.07999pt x 485.36028pt.
 [109 <./table6.png>] [110 <./bod34698_1510_lg.jpg>]
<table7.png, id=1477, 851.18pt x 386.44376pt>
File: table7.png Graphic file (type png)
 <use table7.png>
Package pdftex.def Info: table7.png used on input line 6586.
(pdftex.def)             Requested size: 289.07999pt x 131.24762pt.
 [111 <./table7.png>] <table8.png, id=1482, 1793.70125pt x 491.8375pt>
File: table8.png Graphic file (type png)
 <use table8.png>
Package pdftex.def Info: table8.png used on input line 6673.
(pdftex.def)             Requested size: 505.89pt x 138.7117pt.

Overfull \hbox (36.135pt too wide) in paragraph at lines 6673--6674
[] []
 []


Underfull \hbox (badness 10000) in paragraph at lines 6673--6674

 []

(./Econ133.ind)
Package atveryend Info: Empty hook `BeforeClearDocument' on input line 6679.
 [112 <./table8.png>]
Package atveryend Info: Empty hook `AfterLastShipout' on input line 6679.
 (./Econ133.aux)
Package atveryend Info: Executing hook `AtVeryEndDocument' on input line 6679.
Package atveryend Info: Executing hook `AtEndAfterFileList' on input line 6679.

Package rerunfilecheck Info: File `Econ133.out' has not changed.
(rerunfilecheck)             Checksum: 9490D55151F4B3F4972D8216C924DE34;8183.
Package atveryend Info: Empty hook `AtVeryVeryEnd' on input line 6679.
 ) 
Here is how much of TeX's memory you used:
 10380 strings out of 494227
 149402 string characters out of 6157705
 249591 words of memory out of 5000000
 12854 multiletter control sequences out of 15000+600000
 64688 words of font info for 78 fonts, out of 8000000 for 9000
 431 hyphenation exceptions out of 8191
 38i,23n,51p,249b,497s stack positions out of 5000i,500n,10000p,200000b,80000s
{/opt/local/share/texmf-texlive/fonts/enc/dvips/base/8r.enc}</opt/local/share
/texmf-texlive/fonts/type1/public/amsfonts/cm/cmex10.pfb></opt/local/share/texm
f-texlive/fonts/type1/public/amsfonts/cm/cmmi10.pfb></opt/local/share/texmf-tex
live/fonts/type1/public/amsfonts/cm/cmmi12.pfb></opt/local/share/texmf-texlive/
fonts/type1/public/amsfonts/cm/cmmi5.pfb></opt/local/share/texmf-texlive/fonts/
type1/public/amsfonts/cm/cmmi7.pfb></opt/local/share/texmf-texlive/fonts/type1/
public/amsfonts/cm/cmr10.pfb></opt/local/share/texmf-texlive/fonts/type1/public
/amsfonts/cm/cmr5.pfb></opt/local/share/texmf-texlive/fonts/type1/public/amsfon
ts/cm/cmr7.pfb></opt/local/share/texmf-texlive/fonts/type1/public/amsfonts/cm/c
msy10.pfb></opt/local/share/texmf-texlive/fonts/type1/public/amsfonts/cm/cmsy5.
pfb></opt/local/share/texmf-texlive/fonts/type1/public/amsfonts/cm/cmsy7.pfb></
opt/local/share/texmf-texlive/fonts/type1/public/amsfonts/symbols/msbm10.pfb></
opt/local/share/texmf-texlive/fonts/type1/urw/helvetic/uhvb8a.pfb></opt/local/s
hare/texmf-texlive/fonts/type1/urw/helvetic/uhvbo8a.pfb></opt/local/share/texmf
-texlive/fonts/type1/urw/helvetic/uhvr8a.pfb></opt/local/share/texmf-texlive/fo
nts/type1/urw/times/utmb8a.pfb></opt/local/share/texmf-texlive/fonts/type1/urw/
times/utmr8a.pfb></opt/local/share/texmf-texlive/fonts/type1/urw/times/utmri8a.
pfb>
Output written on Econ133.pdf (118 pages, 6508006 bytes).
PDF statistics:
 1654 PDF objects out of 1728 (max. 8388607)
 1435 compressed objects within 15 object streams
 492 named destinations out of 1000 (max. 500000)
 1285 words of extra memory for PDF output out of 10000 (max. 10000000)

