\BOOKMARK [0][-]{chapter.1}{Probability}{}% 1
\BOOKMARK [1][-]{section.1.1}{Random Variables}{chapter.1}% 2
\BOOKMARK [1][-]{section.1.2}{Probability Mass Function}{chapter.1}% 3
\BOOKMARK [1][-]{section.1.3}{Probability Density Function}{chapter.1}% 4
\BOOKMARK [1][-]{section.1.4}{Properties of Distributions}{chapter.1}% 5
\BOOKMARK [1][-]{section.1.5}{Cumulative Distribution Function}{chapter.1}% 6
\BOOKMARK [1][-]{section.1.6}{Expected Value}{chapter.1}% 7
\BOOKMARK [1][-]{section.1.7}{Expected Value}{chapter.1}% 8
\BOOKMARK [1][-]{section.1.8}{Properties of Expectation}{chapter.1}% 9
\BOOKMARK [1][-]{section.1.9}{Properties of Expectation - Proof}{chapter.1}% 10
\BOOKMARK [1][-]{section.1.10}{Variance}{chapter.1}% 11
\BOOKMARK [1][-]{section.1.11}{Variance}{chapter.1}% 12
\BOOKMARK [1][-]{section.1.12}{Standard Deviation}{chapter.1}% 13
\BOOKMARK [1][-]{section.1.13}{Covariance}{chapter.1}% 14
\BOOKMARK [1][-]{section.1.14}{Covariance}{chapter.1}% 15
\BOOKMARK [1][-]{section.1.15}{Properties of Variance}{chapter.1}% 16
\BOOKMARK [1][-]{section.1.16}{Properties of Variance - Proof}{chapter.1}% 17
\BOOKMARK [1][-]{section.1.17}{Properties of Covariance}{chapter.1}% 18
\BOOKMARK [1][-]{section.1.18}{Correlation}{chapter.1}% 19
\BOOKMARK [1][-]{section.1.19}{Normal Distribution}{chapter.1}% 20
\BOOKMARK [1][-]{section.1.20}{Normal Density}{chapter.1}% 21
\BOOKMARK [1][-]{section.1.21}{Normal Distribution}{chapter.1}% 22
\BOOKMARK [1][-]{section.1.22}{Standard Normal Distribution}{chapter.1}% 23
\BOOKMARK [1][-]{section.1.23}{Standard Normal Distribution - Proof}{chapter.1}% 24
\BOOKMARK [1][-]{section.1.24}{Standard Normal Distribution - Proof}{chapter.1}% 25
\BOOKMARK [1][-]{section.1.25}{Sum of Normals}{chapter.1}% 26
\BOOKMARK [1][-]{section.1.26}{Sample Mean}{chapter.1}% 27
\BOOKMARK [1][-]{section.1.27}{Sample Mean \(Cont.\)}{chapter.1}% 28
\BOOKMARK [1][-]{section.1.28}{Sample Variance}{chapter.1}% 29
\BOOKMARK [1][-]{section.1.29}{Other Sample Moments}{chapter.1}% 30
\BOOKMARK [0][-]{chapter.2}{Markets}{}% 31
\BOOKMARK [1][-]{section.2.1}{Asset Classes}{chapter.2}% 32
\BOOKMARK [1][-]{section.2.2}{Indexes and Funds}{chapter.2}% 33
\BOOKMARK [1][-]{section.2.3}{Trading}{chapter.2}% 34
\BOOKMARK [0][-]{chapter.3}{Risk and Returns}{}% 35
\BOOKMARK [1][-]{section.3.1}{Rates of Return}{chapter.3}% 36
\BOOKMARK [1][-]{section.3.2}{Risk and Risk Premiums}{chapter.3}% 37
\BOOKMARK [0][-]{chapter.4}{Portfolio Optimization}{}% 38
\BOOKMARK [1][-]{section.4.1}{Asset Allocation}{chapter.4}% 39
\BOOKMARK [1][-]{section.4.2}{Portfolio Optimization}{chapter.4}% 40
\BOOKMARK [1][-]{section.4.3}{Portfolio Optimization with Many Risky Assets}{chapter.4}% 41
\BOOKMARK [0][-]{chapter.5}{Index Models}{}% 42
\BOOKMARK [1][-]{section.5.1}{Motivation}{chapter.5}% 43
\BOOKMARK [1][-]{section.5.2}{Motivation}{chapter.5}% 44
\BOOKMARK [1][-]{section.5.3}{Single-Factor Model}{chapter.5}% 45
\BOOKMARK [1][-]{section.5.4}{Single-Factor Model}{chapter.5}% 46
\BOOKMARK [1][-]{section.5.5}{Decomposing Risk}{chapter.5}% 47
\BOOKMARK [1][-]{section.5.6}{Decomposing Risk}{chapter.5}% 48
\BOOKMARK [1][-]{section.5.7}{Using an Index as a Factor}{chapter.5}% 49
\BOOKMARK [1][-]{section.5.8}{Using an Index as a Factor}{chapter.5}% 50
\BOOKMARK [1][-]{section.5.9}{Single-Index Model}{chapter.5}% 51
\BOOKMARK [1][-]{section.5.10}{Single-Index Model}{chapter.5}% 52
\BOOKMARK [1][-]{section.5.11}{Expected Return-Beta Relationship}{chapter.5}% 53
\BOOKMARK [1][-]{section.5.12}{Why \040Must Be Zero}{chapter.5}% 54
\BOOKMARK [1][-]{section.5.13}{Single-Index Regression}{chapter.5}% 55
\BOOKMARK [1][-]{section.5.14}{Security Characteristic Line}{chapter.5}% 56
\BOOKMARK [1][-]{section.5.15}{Security Characteristic Line}{chapter.5}% 57
\BOOKMARK [1][-]{section.5.16}{Advantages of the Model}{chapter.5}% 58
\BOOKMARK [1][-]{section.5.17}{Advantages of the Model}{chapter.5}% 59
\BOOKMARK [1][-]{section.5.18}{Advantages of the Model}{chapter.5}% 60
\BOOKMARK [1][-]{section.5.19}{Advantages of the Model}{chapter.5}% 61
\BOOKMARK [1][-]{section.5.20}{Cost of the Model}{chapter.5}% 62
\BOOKMARK [1][-]{section.5.21}{Index Model Portfolios}{chapter.5}% 63
\BOOKMARK [1][-]{section.5.22}{Index Model Portfolio Coefficients}{chapter.5}% 64
\BOOKMARK [1][-]{section.5.23}{Index Model Portfolio Risk}{chapter.5}% 65
\BOOKMARK [1][-]{section.5.24}{Index Model Portfolio Risk}{chapter.5}% 66
\BOOKMARK [1][-]{section.5.25}{Index Model Diversification}{chapter.5}% 67
\BOOKMARK [1][-]{section.5.26}{Index Model Diversification}{chapter.5}% 68
\BOOKMARK [1][-]{section.5.27}{Index Model Diversification}{chapter.5}% 69
\BOOKMARK [1][-]{section.5.28}{Index Model Example}{chapter.5}% 70
\BOOKMARK [1][-]{section.5.29}{Index Model Example}{chapter.5}% 71
\BOOKMARK [1][-]{section.5.30}{Index Model Example}{chapter.5}% 72
\BOOKMARK [1][-]{section.5.31}{Index Model Example}{chapter.5}% 73
\BOOKMARK [0][-]{chapter.6}{Bonds}{}% 74
\BOOKMARK [1][-]{section.6.1}{Bond Prices and Yields}{chapter.6}% 75
\BOOKMARK [1][-]{section.6.2}{The Term Structure of Interest Rates}{chapter.6}% 76
\BOOKMARK [0][-]{chapter.7}{Options}{}% 77
\BOOKMARK [1][-]{section.7.1}{Call Options}{chapter.7}% 78
\BOOKMARK [1][-]{section.7.2}{Call Options}{chapter.7}% 79
\BOOKMARK [1][-]{section.7.3}{Call Options}{chapter.7}% 80
\BOOKMARK [1][-]{section.7.4}{Call Options}{chapter.7}% 81
\BOOKMARK [1][-]{section.7.5}{Call Option Example}{chapter.7}% 82
\BOOKMARK [1][-]{section.7.6}{Call Option Example}{chapter.7}% 83
\BOOKMARK [1][-]{section.7.7}{Put Options}{chapter.7}% 84
\BOOKMARK [1][-]{section.7.8}{Put Options}{chapter.7}% 85
\BOOKMARK [1][-]{section.7.9}{Put Option Example}{chapter.7}% 86
\BOOKMARK [1][-]{section.7.10}{Put Option Example}{chapter.7}% 87
\BOOKMARK [1][-]{section.7.11}{Moneyness}{chapter.7}% 88
\BOOKMARK [1][-]{section.7.12}{American vs. European}{chapter.7}% 89
\BOOKMARK [1][-]{section.7.13}{Notation}{chapter.7}% 90
\BOOKMARK [1][-]{section.7.14}{Call Option Payoff \(Buyer\)}{chapter.7}% 91
\BOOKMARK [1][-]{section.7.15}{Call Option Payoff \(Buyer\)}{chapter.7}% 92
\BOOKMARK [1][-]{section.7.16}{Call Option Payoff \(Buyer}{chapter.7}% 93
\BOOKMARK [1][-]{section.7.17}{Call Option Payoff \(Seller\)}{chapter.7}% 94
\BOOKMARK [1][-]{section.7.18}{Call Option Payoff \(Seller\)}{chapter.7}% 95
\BOOKMARK [1][-]{section.7.19}{Put Option Payoff \(Buyer\)}{chapter.7}% 96
\BOOKMARK [1][-]{section.7.20}{Put Option Payoff \(Buyer\)}{chapter.7}% 97
\BOOKMARK [1][-]{section.7.21}{Put Option Payoff \(Buyer\)}{chapter.7}% 98
\BOOKMARK [1][-]{section.7.22}{Speculation and Hedging}{chapter.7}% 99
\BOOKMARK [1][-]{section.7.23}{Speculation and Hedging}{chapter.7}% 100
\BOOKMARK [1][-]{section.7.24}{Speculation and Hedging}{chapter.7}% 101
\BOOKMARK [1][-]{section.7.25}{Speculation and Hedging}{chapter.7}% 102
\BOOKMARK [1][-]{section.7.26}{Speculation and Hedging}{chapter.7}% 103
\BOOKMARK [1][-]{section.7.27}{Speculation and Hedging}{chapter.7}% 104
\BOOKMARK [1][-]{section.7.28}{Speculation and Hedging}{chapter.7}% 105
\BOOKMARK [1][-]{section.7.29}{Protective Put}{chapter.7}% 106
\BOOKMARK [1][-]{section.7.30}{Protective Put}{chapter.7}% 107
\BOOKMARK [1][-]{section.7.31}{Protective Put}{chapter.7}% 108
\BOOKMARK [1][-]{section.7.32}{Protective Put}{chapter.7}% 109
\BOOKMARK [1][-]{section.7.33}{Covered Call}{chapter.7}% 110
\BOOKMARK [1][-]{section.7.34}{Covered Call}{chapter.7}% 111
\BOOKMARK [1][-]{section.7.35}{Straddle}{chapter.7}% 112
\BOOKMARK [1][-]{section.7.36}{Straddle}{chapter.7}% 113
\BOOKMARK [1][-]{section.7.37}{Straddle}{chapter.7}% 114
\BOOKMARK [1][-]{section.7.38}{Spread}{chapter.7}% 115
\BOOKMARK [1][-]{section.7.39}{Bullish Spread}{chapter.7}% 116
\BOOKMARK [1][-]{section.7.40}{Bullish Spread}{chapter.7}% 117
\BOOKMARK [1][-]{section.7.41}{Collar}{chapter.7}% 118
\BOOKMARK [1][-]{section.7.42}{Protective Put Alternative}{chapter.7}% 119
\BOOKMARK [1][-]{section.7.43}{Put Call Parity}{chapter.7}% 120
\BOOKMARK [1][-]{section.7.44}{Put Call Parity Example}{chapter.7}% 121
\BOOKMARK [1][-]{section.7.45}{Put Call Parity Example}{chapter.7}% 122
\BOOKMARK [1][-]{section.7.46}{Put Call Parity Example}{chapter.7}% 123
